c:\honto_engine\honto_engine\honto_engine\obj\x64\debug\vc145.pdb
c:\honto_engine\honto_engine\honto_engine\obj\x64\debug\vc145.idb
c:\honto_engine\honto_engine\honto_engine\obj\x64\debug\main.obj
c:\honto_engine\honto_engine\honto_engine\obj\x64\debug\windowwin32.obj
c:\honto_engine\honto_engine\honto_engine\obj\x64\debug\scenegraph.obj
c:\honto_engine\honto_engine\honto_engine\obj\x64\debug\scene.obj
c:\honto_engine\honto_engine\honto_engine\obj\x64\debug\renderer2d.obj
c:\honto_engine\honto_engine\honto_engine\obj\x64\debug\input.obj
c:\honto_engine\honto_engine\honto_engine\obj\x64\debug\application.obj
c:\honto_engine\honto_engine\honto_engine\bin\x64\debug\honto_engine.exe
c:\honto_engine\honto_engine\honto_engine\bin\x64\debug\honto_engine.pdb
c:\honto_engine\honto_engine\honto_engine\obj\x64\debug\honto_engine.ilk
c:\honto_engine\honto_engine\honto_engine\obj\x64\debug\honto_engine.vcxproj.filelistabsolute.txt
c:\honto_engine\honto_engine\honto_engine\obj\x64\debug\honto_engine.tlog\cl.command.1.tlog
c:\honto_engine\honto_engine\honto_engine\obj\x64\debug\honto_engine.tlog\cl.items.tlog
c:\honto_engine\honto_engine\honto_engine\obj\x64\debug\honto_engine.tlog\cl.read.1.tlog
c:\honto_engine\honto_engine\honto_engine\obj\x64\debug\honto_engine.tlog\cl.write.1.tlog
c:\honto_engine\honto_engine\honto_engine\obj\x64\debug\honto_engine.tlog\link.command.1.tlog
c:\honto_engine\honto_engine\honto_engine\obj\x64\debug\honto_engine.tlog\link.read.1.tlog
c:\honto_engine\honto_engine\honto_engine\obj\x64\debug\honto_engine.tlog\link.secondary.1.tlog
c:\honto_engine\honto_engine\honto_engine\obj\x64\debug\honto_engine.tlog\link.write.1.tlog
